TN:
SF:src/components/CardImage/CardImage.tsx
FN:13,(anonymous_0)
FNF:1
FNH:0
FNDA:0,(anonymous_0)
DA:13,0
DA:19,0
DA:21,0
DA:35,0
LF:4
LH:0
BRF:0
BRH:0
end_of_record
TN:
SF:src/components/DaysOfWeekIndicator/DaysOfWeekIndicator.tsx
FN:44,DaysOfWeekIndicator
FN:47,(anonymous_1)
FNF:2
FNH:0
FNDA:0,DaysOfWeekIndicator
FNDA:0,(anonymous_1)
DA:10,0
DA:45,0
DA:48,0
DA:49,0
DA:66,0
LF:5
LH:0
BRDA:54,0,0,0
BRDA:54,0,1,0
BRF:2
BRH:0
end_of_record
TN:
SF:src/components/DefaultTextInput/DefaultTextInput.tsx
FN:5,DefaultTextInput
FNF:1
FNH:0
FNDA:0,DefaultTextInput
DA:6,0
DA:16,0
LF:2
LH:0
BRF:0
BRH:0
end_of_record
TN:
SF:src/components/ImageIcon/ImageIcon.tsx
FN:9,ImageIcon
FNF:1
FNH:0
FNDA:0,ImageIcon
DA:10,0
LF:1
LH:0
BRDA:9,0,0,0
BRF:1
BRH:0
end_of_record
TN:
SF:src/components/LoadingIndicator/LoadingIndicator.tsx
FN:8,LoadingIndicator
FNF:1
FNH:0
FNDA:0,LoadingIndicator
DA:9,0
DA:10,0
DA:13,0
LF:3
LH:0
BRDA:8,0,0,0
BRDA:9,1,0,0
BRDA:9,1,1,0
BRF:3
BRH:0
end_of_record
TN:
SF:src/components/RenderHtml/RenderHtml.tsx
FN:10,RenderHtmlComponent
FNF:1
FNH:0
FNDA:0,RenderHtmlComponent
DA:11,0
DA:12,0
DA:13,0
DA:22,0
LF:4
LH:0
BRF:0
BRH:0
end_of_record
TN:
SF:src/components/ScreenTemplate/ScreenTemplate.tsx
FN:5,(anonymous_0)
FNF:1
FNH:0
FNDA:0,(anonymous_0)
DA:5,0
DA:6,0
LF:2
LH:0
BRF:0
BRH:0
end_of_record
TN:
SF:src/components/ShowList/ShowList.tsx
FN:14,ShowList
FN:20,renderItem
FN:28,(anonymous_2)
FNF:3
FNH:0
FNDA:0,ShowList
FNDA:0,renderItem
FNDA:0,(anonymous_2)
DA:21,0
DA:24,0
DA:28,0
LF:3
LH:0
BRDA:18,0,0,0
BRDA:31,1,0,0
BRDA:31,1,1,0
BRF:3
BRH:0
end_of_record
TN:
SF:src/components/ShowList/components/ShowListItem.tsx
FN:11,ShowListItem
FN:14,navigateToShowDetails
FNF:2
FNH:0
FNDA:0,ShowListItem
FNDA:0,navigateToShowDetails
DA:12,0
DA:15,0
DA:18,0
DA:35,0
LF:4
LH:0
BRDA:28,0,0,0
BRDA:28,0,1,0
BRF:2
BRH:0
end_of_record
TN:
SF:src/components/StarRating/StarRating.tsx
FN:13,StarRating
FNF:1
FNH:0
FNDA:0,StarRating
DA:8,0
DA:14,0
DA:15,0
DA:18,0
DA:26,0
LF:5
LH:0
BRDA:14,0,0,0
BRDA:14,0,1,0
BRF:2
BRH:0
end_of_record
TN:
SF:src/contexts/Favorite.tsx
FN:19,(anonymous_0)
FN:20,(anonymous_1)
FN:21,(anonymous_2)
FN:24,(anonymous_3)
FN:28,(anonymous_4)
FN:32,(anonymous_5)
FN:37,loadData
FN:49,updateStorage
FN:57,updateShowList
FN:59,(anonymous_9)
FN:66,addFavorite
FN:67,(anonymous_11)
FN:74,deleteFavorite
FN:83,isFavorite
FN:95,useFavorite
FNF:15
FNH:0
FNDA:0,(anonymous_0)
FNDA:0,(anonymous_1)
FNDA:0,(anonymous_2)
FNDA:0,(anonymous_3)
FNDA:0,(anonymous_4)
FNDA:0,(anonymous_5)
FNDA:0,loadData
FNDA:0,updateStorage
FNDA:0,updateShowList
FNDA:0,(anonymous_9)
FNDA:0,addFavorite
FNDA:0,(anonymous_11)
FNDA:0,deleteFavorite
FNDA:0,isFavorite
FNDA:0,useFavorite
DA:10,0
DA:17,0
DA:19,0
DA:24,0
DA:25,0
DA:26,0
DA:28,0
DA:29,0
DA:32,0
DA:33,0
DA:34,0
DA:38,0
DA:39,0
DA:40,0
DA:41,0
DA:42,0
DA:50,0
DA:51,0
DA:52,0
DA:58,0
DA:60,0
DA:61,0
DA:62,0
DA:67,0
DA:68,0
DA:75,0
DA:76,0
DA:77,0
DA:79,0
DA:80,0
DA:84,0
DA:87,0
DA:96,0
DA:97,0
DA:98,0
DA:100,0
LF:36
LH:0
BRDA:40,0,0,0
BRDA:40,0,1,0
BRDA:60,1,0,0
BRDA:60,1,1,0
BRDA:61,2,0,0
BRDA:61,2,1,0
BRDA:75,3,0,0
BRDA:75,3,1,0
BRDA:97,4,0,0
BRDA:97,4,1,0
BRF:10
BRH:0
end_of_record
TN:
SF:src/router/DrawerNavigator.tsx
FN:10,DrawerNavigator
FNF:1
FNH:0
FNDA:0,DrawerNavigator
DA:8,0
DA:11,0
LF:2
LH:0
BRF:0
BRH:0
end_of_record
TN:
SF:src/router/Router.tsx
FN:18,Router
FNF:1
FNH:0
FNDA:0,Router
DA:16,0
DA:19,0
LF:2
LH:0
BRF:0
BRH:0
end_of_record
TN:
SF:src/screens/EpisodeDetailsScreen/EpisodeDetailsScreen.tsx
FN:27,EpisodeDetailsScreen
FNF:1
FNH:0
FNDA:0,EpisodeDetailsScreen
DA:13,0
DA:15,0
DA:20,0
DA:22,0
DA:28,0
DA:31,0
DA:33,0
DA:54,0
LF:8
LH:0
BRF:0
BRH:0
end_of_record
TN:
SF:src/screens/FavoriteScreen/FavoriteScreen.tsx
FN:11,FavoriteScreen
FN:21,(anonymous_1)
FN:26,search
FN:27,(anonymous_3)
FNF:4
FNH:0
FNDA:0,FavoriteScreen
FNDA:0,(anonymous_1)
FNDA:0,search
FNDA:0,(anonymous_3)
DA:12,0
DA:14,0
DA:15,0
DA:17,0
DA:19,0
DA:21,0
DA:22,0
DA:23,0
DA:27,0
DA:28,0
DA:32,0
DA:46,0
LF:12
LH:0
BRDA:41,0,0,0
BRDA:41,0,1,0
BRF:2
BRH:0
end_of_record
TN:
SF:src/screens/HomeScreen/HomeScreen.tsx
FN:13,HomeScreen
FN:22,(anonymous_1)
FN:28,onEndReached
FN:34,(anonymous_3)
FNF:4
FNH:0
FNDA:0,HomeScreen
FNDA:0,(anonymous_1)
FNDA:0,onEndReached
FNDA:0,(anonymous_3)
DA:14,0
DA:15,0
DA:16,0
DA:18,0
DA:20,0
DA:22,0
DA:29,0
DA:30,0
DA:34,0
DA:35,0
DA:38,0
DA:57,0
LF:12
LH:0
BRDA:29,0,0,0
BRDA:29,0,1,0
BRDA:48,1,0,0
BRDA:48,1,1,0
BRDA:49,2,0,0
BRDA:49,2,1,0
BRDA:51,3,0,0
BRDA:51,3,1,0
BRF:8
BRH:0
end_of_record
TN:
SF:src/screens/ShowDetailsScreen/ShowDetailsScreen.tsx
FN:10,ShowDetailsScreen
FNF:1
FNH:0
FNDA:0,ShowDetailsScreen
DA:11,0
DA:13,0
LF:2
LH:0
BRF:0
BRH:0
end_of_record
TN:
SF:src/screens/ShowDetailsScreen/components/EpisodeList/EpisodeList.tsx
FN:30,EpisodeList
FN:36,(anonymous_1)
FN:40,navigateToEpisodeDetails
FN:44,renderItem
FN:47,(anonymous_4)
FN:57,openModal
FN:61,Header
FN:82,(anonymous_7)
FNF:8
FNH:0
FNDA:0,EpisodeList
FNDA:0,(anonymous_1)
FNDA:0,navigateToEpisodeDetails
FNDA:0,renderItem
FNDA:0,(anonymous_4)
FNDA:0,openModal
FNDA:0,Header
FNDA:0,(anonymous_7)
DA:26,0
DA:31,0
DA:32,0
DA:34,0
DA:36,0
DA:37,0
DA:41,0
DA:45,0
DA:47,0
DA:58,0
DA:62,0
DA:78,0
DA:82,0
DA:96,0
LF:14
LH:0
BRDA:83,0,0,0
BRDA:83,0,1,0
BRDA:90,1,0,0
BRDA:90,1,1,0
BRF:4
BRH:0
end_of_record
TN:
SF:src/screens/ShowDetailsScreen/components/FavoriteButton/FavoriteButton.tsx
FN:14,FavoriteButton
FN:18,(anonymous_1)
FN:23,toggleFavorite
FN:24,(anonymous_3)
FNF:4
FNH:0
FNDA:0,FavoriteButton
FNDA:0,(anonymous_1)
FNDA:0,toggleFavorite
FNDA:0,(anonymous_3)
DA:8,0
DA:9,0
DA:15,0
DA:16,0
DA:18,0
DA:19,0
DA:24,0
DA:25,0
DA:26,0
DA:28,0
DA:32,0
DA:33,0
DA:36,0
LF:13
LH:0
BRDA:25,0,0,0
BRDA:25,0,1,0
BRDA:32,1,0,0
BRDA:32,1,1,0
BRDA:41,2,0,0
BRDA:41,2,1,0
BRF:6
BRH:0
end_of_record
TN:
SF:src/screens/ShowDetailsScreen/components/Genres/Genres.tsx
FN:8,Genres
FN:9,(anonymous_1)
FNF:2
FNH:0
FNDA:0,Genres
FNDA:0,(anonymous_1)
DA:9,0
DA:10,0
DA:11,0
DA:14,0
DA:21,0
LF:5
LH:0
BRDA:10,0,0,0
BRDA:10,0,1,0
BRF:2
BRH:0
end_of_record
TN:
SF:src/screens/ShowDetailsScreen/components/SeasonModal/SeasonModal.tsx
FN:13,(anonymous_0)
FN:14,handleSelect
FN:26,(anonymous_2)
FN:29,(anonymous_3)
FNF:4
FNH:4
FNDA:1,(anonymous_0)
FNDA:1,handleSelect
FNDA:3,(anonymous_2)
FNDA:1,(anonymous_3)
DA:12,1
DA:15,1
DA:16,1
DA:19,1
DA:27,3
DA:29,1
DA:40,1
LF:7
LH:7
BRF:0
BRH:0
end_of_record
TN:
SF:src/screens/ShowDetailsScreen/components/ShowInfo/ShowInfo.tsx
FN:26,ShowInfo
FNF:1
FNH:0
FNDA:0,ShowInfo
DA:12,0
DA:13,0
DA:18,0
DA:20,0
DA:27,0
DA:28,0
DA:46,0
LF:7
LH:0
BRF:0
BRH:0
end_of_record
